This is pdfTeX, Version 3.141592653-2.6-1.40.23 (TeX Live 2021) (preloaded format=pdflatex 2021.8.4)  17 MAR 2022 11:39
entering extended mode
 restricted \write18 enabled.
 file:line:error style messages enabled.
 %&-line parsing enabled.
**5.tex
(./5.tex
LaTeX2e <2021-06-01> patch level 1
L3 programming layer <2021-07-12>
./5.tex:1: Undefined control sequence.
l.1 \section
            {–õ–µ–∫—Ü–∏—è 5}
The control sequence at the end of the top line
of your error message was never \def'ed. If you have
misspelled it (e.g., `\hobx'), type `I' and the correct
spelling (e.g., `I\hbox'). Otherwise just continue,
and I'll forget about whatever was undefined.


./5.tex:1: Package inputenc Error: Unicode character –õ (U+041B)
(inputenc)                not set up for use with LaTeX.

See the inputenc package documentation for explanation.
Type  H <return>  for immediate help.
 ...                                              
                                                  
l.1 \section{–õ
               –µ–∫—Ü–∏—è 5}
You may provide a definition with
\DeclareUnicodeCharacter 


./5.tex:1: Package inputenc Error: Unicode character –µ (U+0435)
(inputenc)                not set up for use with LaTeX.

See the inputenc package documentation for explanation.
Type  H <return>  for immediate help.
 ...                                              
                                                  
l.1 \section{–õ–µ
                 –∫—Ü–∏—è 5}
You may provide a definition with
\DeclareUnicodeCharacter 


./5.tex:1: Package inputenc Error: Unicode character –∫ (U+043A)
(inputenc)                not set up for use with LaTeX.

See the inputenc package documentation for explanation.
Type  H <return>  for immediate help.
 ...                                              
                                                  
l.1 \section{–õ–µ–∫
                   —Ü–∏—è 5}
You may provide a definition with
\DeclareUnicodeCharacter 


./5.tex:1: Package inputenc Error: Unicode character —Ü (U+0446)
(inputenc)                not set up for use with LaTeX.

See the inputenc package documentation for explanation.
Type  H <return>  for immediate help.
 ...                                              
                                                  
l.1 \section{–õ–µ–∫—Ü
                     –∏—è 5}
You may provide a definition with
\DeclareUnicodeCharacter 


./5.tex:1: Package inputenc Error: Unicode character –∏ (U+0438)
(inputenc)                not set up for use with LaTeX.

See the inputenc package documentation for explanation.
Type  H <return>  for immediate help.
 ...                                              
                                                  
l.1 \section{–õ–µ–∫—Ü–∏
                       —è 5}
You may provide a definition with
\DeclareUnicodeCharacter 


./5.tex:1: Package inputenc Error: Unicode character —è (U+044F)
(inputenc)                not set up for use with LaTeX.

See the inputenc package documentation for explanation.
Type  H <return>  for immediate help.
 ...                                              
                                                  
l.1 \section{–õ–µ–∫—Ü–∏—è
                          5}
You may provide a definition with
\DeclareUnicodeCharacter 


./5.tex:1: LaTeX Error: Missing \begin{document}.

See the LaTeX manual or LaTeX Companion for explanation.
Type  H <return>  for immediate help.
 ...                                              
                                                  
l.1 \section{–õ–µ–∫—Ü–∏—è 5
                           }
You're in trouble here.  Try typing  <return>  to proceed.
If that doesn't work, type  X <return>  to quit.

Missing character: There is no 5 in font nullfont!
./5.tex:2: Undefined control sequence.
l.2 \subsection
               {–í–≤–æ–¥–Ω–∞—è –≤ –∫—Ä–∏–≤—ã–µ}
The control sequence at the end of the top line
of your error message was never \def'ed. If you have
misspelled it (e.g., `\hobx'), type `I' and the correct
spelling (e.g., `I\hbox'). Otherwise just continue,
and I'll forget about whatever was undefined.


./5.tex:2: Package inputenc Error: Unicode character –í (U+0412)
(inputenc)                not set up for use with LaTeX.

See the inputenc package documentation for explanation.
Type  H <return>  for immediate help.
 ...                                              
                                                  
l.2 \subsection{–í
                  –≤–æ–¥–Ω–∞—è –≤ –∫—Ä–∏–≤—ã–µ}
You may provide a definition with
\DeclareUnicodeCharacter 


./5.tex:2: Package inputenc Error: Unicode character –≤ (U+0432)
(inputenc)                not set up for use with LaTeX.

See the inputenc package documentation for explanation.
Type  H <return>  for immediate help.
 ...                                              
                                                  
l.2 \subsection{–í–≤
                    –æ–¥–Ω–∞—è –≤ –∫—Ä–∏–≤—ã–µ}
You may provide a definition with
\DeclareUnicodeCharacter 


./5.tex:2: Package inputenc Error: Unicode character –æ (U+043E)
(inputenc)                not set up for use with LaTeX.

See the inputenc package documentation for explanation.
Type  H <return>  for immediate help.
 ...                                              
                                                  
l.2 \subsection{–í–≤–æ
                      –¥–Ω–∞—è –≤ –∫—Ä–∏–≤—ã–µ}
You may provide a definition with
\DeclareUnicodeCharacter 


./5.tex:2: Package inputenc Error: Unicode character –¥ (U+0434)
(inputenc)                not set up for use with LaTeX.

See the inputenc package documentation for explanation.
Type  H <return>  for immediate help.
 ...                                              
                                                  
l.2 \subsection{–í–≤–æ–¥
                        –Ω–∞—è –≤ –∫—Ä–∏–≤—ã–µ}
You may provide a definition with
\DeclareUnicodeCharacter 


./5.tex:2: Package inputenc Error: Unicode character –Ω (U+043D)
(inputenc)                not set up for use with LaTeX.

See the inputenc package documentation for explanation.
Type  H <return>  for immediate help.
 ...                                              
                                                  
l.2 \subsection{–í–≤–æ–¥–Ω
                          –∞—è –≤ –∫—Ä–∏–≤—ã–µ}
You may provide a definition with
\DeclareUnicodeCharacter 


./5.tex:2: Package inputenc Error: Unicode character –∞ (U+0430)
(inputenc)                not set up for use with LaTeX.

See the inputenc package documentation for explanation.
Type  H <return>  for immediate help.
 ...                                              
                                                  
l.2 \subsection{–í–≤–æ–¥–Ω–∞
                            —è –≤ –∫—Ä–∏–≤—ã–µ}
You may provide a definition with
\DeclareUnicodeCharacter 


./5.tex:2: Package inputenc Error: Unicode character —è (U+044F)
(inputenc)                not set up for use with LaTeX.

See the inputenc package documentation for explanation.
Type  H <return>  for immediate help.
 ...                                              
                                                  
l.2 \subsection{–í–≤–æ–¥–Ω–∞—è
                               –≤ –∫—Ä–∏–≤—ã–µ}
You may provide a definition with
\DeclareUnicodeCharacter 


./5.tex:2: Package inputenc Error: Unicode character –≤ (U+0432)
(inputenc)                not set up for use with LaTeX.

See the inputenc package documentation for explanation.
Type  H <return>  for immediate help.
 ...                                              
                                                  
l.2 \subsection{–í–≤–æ–¥–Ω–∞—è –≤
                                  –∫—Ä–∏–≤—ã–µ}
You may provide a definition with
\DeclareUnicodeCharacter 


./5.tex:2: Package inputenc Error: Unicode character –∫ (U+043A)
(inputenc)                not set up for use with LaTeX.

See the inputenc package documentation for explanation.
Type  H <return>  for immediate help.
 ...                                              
                                                  
l.2 \subsection{–í–≤–æ–¥–Ω–∞—è –≤ –∫
                                    —Ä–∏–≤—ã–µ}
You may provide a definition with
\DeclareUnicodeCharacter 


./5.tex:2: Package inputenc Error: Unicode character —Ä (U+0440)
(inputenc)                not set up for use with LaTeX.

See the inputenc package documentation for explanation.
Type  H <return>  for immediate help.
 ...                                              
                                                  
l.2 \subsection{–í–≤–æ–¥–Ω–∞—è –≤ –∫—Ä
                                      –∏–≤—ã–µ}
You may provide a definition with
\DeclareUnicodeCharacter 


./5.tex:2: Package inputenc Error: Unicode character –∏ (U+0438)
(inputenc)                not set up for use with LaTeX.

See the inputenc package documentation for explanation.
Type  H <return>  for immediate help.
 ...                                              
                                                  
l.2 \subsection{–í–≤–æ–¥–Ω–∞—è –≤ –∫—Ä–∏
                                        –≤—ã–µ}
You may provide a definition with
\DeclareUnicodeCharacter 


./5.tex:2: Package inputenc Error: Unicode character –≤ (U+0432)
(inputenc)                not set up for use with LaTeX.

See the inputenc package documentation for explanation.
Type  H <return>  for immediate help.
 ...                                              
                                                  
l.2 \subsection{–í–≤–æ–¥–Ω–∞—è –≤ –∫—Ä–∏–≤
                                          —ã–µ}
You may provide a definition with
\DeclareUnicodeCharacter 


./5.tex:2: Package inputenc Error: Unicode character —ã (U+044B)
(inputenc)                not set up for use with LaTeX.

See the inputenc package documentation for explanation.
Type  H <return>  for immediate help.
 ...                                              
                                                  
l.2 \subsection{–í–≤–æ–¥–Ω–∞—è –≤ –∫—Ä–∏–≤—ã
                                            –µ}
You may provide a definition with
\DeclareUnicodeCharacter 


./5.tex:2: Package inputenc Error: Unicode character –µ (U+0435)
(inputenc)                not set up for use with LaTeX.

See the inputenc package documentation for explanation.
Type  H <return>  for immediate help.
 ...                                              
                                                  
l.2 \subsection{–í–≤–æ–¥–Ω–∞—è –≤ –∫—Ä–∏–≤—ã–µ
                                              }
You may provide a definition with
\DeclareUnicodeCharacter 


./5.tex:3: LaTeX Error: Environment definition undefined.

See the LaTeX manual or LaTeX Companion for explanation.
Type  H <return>  for immediate help.
 ...                                              
                                                  
l.3 \begin{definition}
                      {–ü—É—Ç—å}
Your command was ignored.
Type  I <command> <return>  to replace it with another command,
or  <return>  to continue without it.


./5.tex:3: Package inputenc Error: Unicode character –ü (U+041F)
(inputenc)                not set up for use with LaTeX.

See the inputenc package documentation for explanation.
Type  H <return>  for immediate help.
 ...                                              
                                                  
l.3 \begin{definition}{–ü
                         —É—Ç—å}
You may provide a definition with
\DeclareUnicodeCharacter 


./5.tex:3: Package inputenc Error: Unicode character —É (U+0443)
(inputenc)                not set up for use with LaTeX.

See the inputenc package documentation for explanation.
Type  H <return>  for immediate help.
 ...                                              
                                                  
l.3 \begin{definition}{–ü—É
                           —Ç—å}
You may provide a definition with
\DeclareUnicodeCharacter 


./5.tex:3: Package inputenc Error: Unicode character —Ç (U+0442)
(inputenc)                not set up for use with LaTeX.

See the inputenc package documentation for explanation.
Type  H <return>  for immediate help.
 ...                                              
                                                  
l.3 \begin{definition}{–ü—É—Ç
                             —å}
You may provide a definition with
\DeclareUnicodeCharacter 


./5.tex:3: Package inputenc Error: Unicode character —å (U+044C)
(inputenc)                not set up for use with LaTeX.

See the inputenc package documentation for explanation.
Type  H <return>  for immediate help.
 ...                                              
                                                  
l.3 \begin{definition}{–ü—É—Ç—å
                               }
You may provide a definition with
\DeclareUnicodeCharacter 


./5.tex:4: Package inputenc Error: Unicode character –ü (U+041F)
(inputenc)                not set up for use with LaTeX.

See the inputenc package documentation for explanation.
Type  H <return>  for immediate help.
 ...                                              
                                                  
l.4     –ü
          —É—Ç—å –≤ $\R^m x : [a, b] \mapsto \R^m$~--- –Ω–µ–ø—Ä–µ—Ä—ã–≤–Ω–æ–µ.
You may provide a definition with
\DeclareUnicodeCharacter 


./5.tex:4: Package inputenc Error: Unicode character —É (U+0443)
(inputenc)                not set up for use with LaTeX.

See the inputenc package documentation for explanation.
Type  H <return>  for immediate help.
 ...                                              
                                                  
l.4     –ü—É
            —Ç—å –≤ $\R^m x : [a, b] \mapsto \R^m$~--- –Ω–µ–ø—Ä–µ—Ä—ã–≤–Ω–æ–µ.
You may provide a definition with
\DeclareUnicodeCharacter 


./5.tex:4: Package inputenc Error: Unicode character —Ç (U+0442)
(inputenc)                not set up for use with LaTeX.

See the inputenc package documentation for explanation.
Type  H <return>  for immediate help.
 ...                                              
                                                  
l.4     –ü—É—Ç
              —å –≤ $\R^m x : [a, b] \mapsto \R^m$~--- –Ω–µ–ø—Ä–µ—Ä—ã–≤–Ω–æ–µ.
You may provide a definition with
\DeclareUnicodeCharacter 


./5.tex:4: Package inputenc Error: Unicode character —å (U+044C)
(inputenc)                not set up for use with LaTeX.

See the inputenc package documentation for explanation.
Type  H <return>  for immediate help.
 ...                                              
                                                  
l.4     –ü—É—Ç—å
                 –≤ $\R^m x : [a, b] \mapsto \R^m$~--- –Ω–µ–ø—Ä–µ—Ä—ã–≤–Ω–æ–µ.
You may provide a definition with
\DeclareUnicodeCharacter 


./5.tex:4: Package inputenc Error: Unicode character –≤ (U+0432)
(inputenc)                not set up for use with LaTeX.

See the inputenc package documentation for explanation.
Type  H <return>  for immediate help.
 ...                                              
                                                  
l.4     –ü—É—Ç—å –≤
                    $\R^m x : [a, b] \mapsto \R^m$~--- –Ω–µ–ø—Ä–µ—Ä—ã–≤–Ω–æ–µ.
You may provide a definition with
\DeclareUnicodeCharacter 

LaTeX Font Info:    External font `cmex10' loaded for size
(Font)              <7> on input line 4.
LaTeX Font Info:    External font `cmex10' loaded for size
(Font)              <5> on input line 4.
./5.tex:4: Undefined control sequence.
<recently read> \R 
                   
l.4     –ü—É—Ç—å –≤ $\R
                       ^m x : [a, b] \mapsto \R^m$~--- –Ω–µ–ø—Ä–µ—Ä—ã–≤–Ω–æ–µ.
The control sequence at the end of the top line
of your error message was never \def'ed. If you have
misspelled it (e.g., `\hobx'), type `I' and the correct
spelling (e.g., `I\hbox'). Otherwise just continue,
and I'll forget about whatever was undefined.

./5.tex:4: Undefined control sequence.
l.4     –ü—É—Ç—å –≤ $\R^m x : [a, b] \mapsto \R
                                               ^m$~--- –Ω–µ–ø—Ä–µ—Ä—ã–≤–Ω–æ–µ.
The control sequence at the end of the top line
of your error message was never \def'ed. If you have
misspelled it (e.g., `\hobx'), type `I' and the correct
spelling (e.g., `I\hbox'). Otherwise just continue,
and I'll forget about whatever was undefined.

Missing character: There is no - in font nullfont!
Missing character: There is no - in font nullfont!
Missing character: There is no - in font nullfont!

./5.tex:4: Package inputenc Error: Unicode character –Ω (U+043D)
(inputenc)                not set up for use with LaTeX.

See the inputenc package documentation for explanation.
Type  H <return>  for immediate help.
 ...                                              
                                                  
l.4 ...—å –≤ $\R^m x : [a, b] \mapsto \R^m$~--- –Ω
                                                  –µ–ø—Ä–µ—Ä—ã–≤–Ω–æ–µ.
You may provide a definition with
\DeclareUnicodeCharacter 


./5.tex:4: Package inputenc Error: Unicode character –µ (U+0435)
(inputenc)                not set up for use with LaTeX.

See the inputenc package documentation for explanation.
Type  H <return>  for immediate help.
 ...                                              
                                                  
l.4 ... –≤ $\R^m x : [a, b] \mapsto \R^m$~--- –Ω–µ
                                                  –ø—Ä–µ—Ä—ã–≤–Ω–æ–µ.
You may provide a definition with
\DeclareUnicodeCharacter 


./5.tex:4: Package inputenc Error: Unicode character –ø (U+043F)
(inputenc)                not set up for use with LaTeX.

See the inputenc package documentation for explanation.
Type  H <return>  for immediate help.
 ...                                              
                                                  
l.4 ...≤ $\R^m x : [a, b] \mapsto \R^m$~--- –Ω–µ–ø
                                                  —Ä–µ—Ä—ã–≤–Ω–æ–µ.
You may provide a definition with
\DeclareUnicodeCharacter 


./5.tex:4: Package inputenc Error: Unicode character —Ä (U+0440)
(inputenc)                not set up for use with LaTeX.

See the inputenc package documentation for explanation.
Type  H <return>  for immediate help.
 ...                                              
                                                  
l.4 ...$\R^m x : [a, b] \mapsto \R^m$~--- –Ω–µ–ø—Ä
                                                  –µ—Ä—ã–≤–Ω–æ–µ.
You may provide a definition with
\DeclareUnicodeCharacter 


./5.tex:4: Package inputenc Error: Unicode character –µ (U+0435)
(inputenc)                not set up for use with LaTeX.

See the inputenc package documentation for explanation.
Type  H <return>  for immediate help.
 ...                                              
                                                  
l.4 ...R^m x : [a, b] \mapsto \R^m$~--- –Ω–µ–ø—Ä–µ
                                                  —Ä—ã–≤–Ω–æ–µ.
You may provide a definition with
\DeclareUnicodeCharacter 


./5.tex:4: Package inputenc Error: Unicode character —Ä (U+0440)
(inputenc)                not set up for use with LaTeX.

See the inputenc package documentation for explanation.
Type  H <return>  for immediate help.
 ...                                              
                                                  
l.4 ...m x : [a, b] \mapsto \R^m$~--- –Ω–µ–ø—Ä–µ—Ä
                                                  —ã–≤–Ω–æ–µ.
You may provide a definition with
\DeclareUnicodeCharacter 


./5.tex:4: Package inputenc Error: Unicode character —ã (U+044B)
(inputenc)                not set up for use with LaTeX.

See the inputenc package documentation for explanation.
Type  H <return>  for immediate help.
 ...                                              
                                                  
l.4 ...x : [a, b] \mapsto \R^m$~--- –Ω–µ–ø—Ä–µ—Ä—ã
                                                  –≤–Ω–æ–µ.
You may provide a definition with
\DeclareUnicodeCharacter 


./5.tex:4: Package inputenc Error: Unicode character –≤ (U+0432)
(inputenc)                not set up for use with LaTeX.

See the inputenc package documentation for explanation.
Type  H <return>  for immediate help.
 ...                                              
                                                  
l.4 ...: [a, b] \mapsto \R^m$~--- –Ω–µ–ø—Ä–µ—Ä—ã–≤
                                                  –Ω–æ–µ.
You may provide a definition with
\DeclareUnicodeCharacter 


./5.tex:4: Package inputenc Error: Unicode character –Ω (U+043D)
(inputenc)                not set up for use with LaTeX.

See the inputenc package documentation for explanation.
Type  H <return>  for immediate help.
 ...                                              
                                                  
l.4 ...[a, b] \mapsto \R^m$~--- –Ω–µ–ø—Ä–µ—Ä—ã–≤–Ω
                                                  –æ–µ.
You may provide a definition with
\DeclareUnicodeCharacter 


./5.tex:4: Package inputenc Error: Unicode character –æ (U+043E)
(inputenc)                not set up for use with LaTeX.

See the inputenc package documentation for explanation.
Type  H <return>  for immediate help.
 ...                                              
                                                  
l.4 ..., b] \mapsto \R^m$~--- –Ω–µ–ø—Ä–µ—Ä—ã–≤–Ω–æ
                                                  –µ.
You may provide a definition with
\DeclareUnicodeCharacter 


./5.tex:4: Package inputenc Error: Unicode character –µ (U+0435)
(inputenc)                not set up for use with LaTeX.

See the inputenc package documentation for explanation.
Type  H <return>  for immediate help.
 ...                                              
                                                  
l.4 ...b] \mapsto \R^m$~--- –Ω–µ–ø—Ä–µ—Ä—ã–≤–Ω–æ–µ
                                                  .
You may provide a definition with
\DeclareUnicodeCharacter 

Missing character: There is no . in font nullfont!

./5.tex:5: LaTeX Error: \begin{document} ended by \end{definition}.

See the LaTeX manual or LaTeX Companion for explanation.
Type  H <return>  for immediate help.
 ...                                              
                                                  
l.5 \end{definition}
                    
Your command was ignored.
Type  I <command> <return>  to replace it with another command,
or  <return>  to continue without it.


./5.tex:6: LaTeX Error: Environment definition undefined.

See the LaTeX manual or LaTeX Companion for explanation.
Type  H <return>  for immediate help.
 ...                                              
                                                  
l.6 \begin{definition}
                      {–ù–æ—Å–∏—Ç–µ–ª—å –ø—É—Ç–∏}
Your command was ignored.
Type  I <command> <return>  to replace it with another command,
or  <return>  to continue without it.


./5.tex:6: Package inputenc Error: Unicode character –ù (U+041D)
(inputenc)                not set up for use with LaTeX.

See the inputenc package documentation for explanation.
Type  H <return>  for immediate help.
 ...                                              
                                                  
l.6 \begin{definition}{–ù
                         –æ—Å–∏—Ç–µ–ª—å –ø—É—Ç–∏}
You may provide a definition with
\DeclareUnicodeCharacter 


./5.tex:6: Package inputenc Error: Unicode character –æ (U+043E)
(inputenc)                not set up for use with LaTeX.

See the inputenc package documentation for explanation.
Type  H <return>  for immediate help.
 ...                                              
                                                  
l.6 \begin{definition}{–ù–æ
                           —Å–∏—Ç–µ–ª—å –ø—É—Ç–∏}
You may provide a definition with
\DeclareUnicodeCharacter 


./5.tex:6: Package inputenc Error: Unicode character —Å (U+0441)
(inputenc)                not set up for use with LaTeX.

See the inputenc package documentation for explanation.
Type  H <return>  for immediate help.
 ...                                              
                                                  
l.6 \begin{definition}{–ù–æ—Å
                             –∏—Ç–µ–ª—å –ø—É—Ç–∏}
You may provide a definition with
\DeclareUnicodeCharacter 


./5.tex:6: Package inputenc Error: Unicode character –∏ (U+0438)
(inputenc)                not set up for use with LaTeX.

See the inputenc package documentation for explanation.
Type  H <return>  for immediate help.
 ...                                              
                                                  
l.6 \begin{definition}{–ù–æ—Å–∏
                               —Ç–µ–ª—å –ø—É—Ç–∏}
You may provide a definition with
\DeclareUnicodeCharacter 


./5.tex:6: Package inputenc Error: Unicode character —Ç (U+0442)
(inputenc)                not set up for use with LaTeX.

See the inputenc package documentation for explanation.
Type  H <return>  for immediate help.
 ...                                              
                                                  
l.6 \begin{definition}{–ù–æ—Å–∏—Ç
                                 –µ–ª—å –ø—É—Ç–∏}
You may provide a definition with
\DeclareUnicodeCharacter 


./5.tex:6: Package inputenc Error: Unicode character –µ (U+0435)
(inputenc)                not set up for use with LaTeX.

See the inputenc package documentation for explanation.
Type  H <return>  for immediate help.
 ...                                              
                                                  
l.6 \begin{definition}{–ù–æ—Å–∏—Ç–µ
                                   –ª—å –ø—É—Ç–∏}
You may provide a definition with
\DeclareUnicodeCharacter 


./5.tex:6: Package inputenc Error: Unicode character –ª (U+043B)
(inputenc)                not set up for use with LaTeX.

See the inputenc package documentation for explanation.
Type  H <return>  for immediate help.
 ...                                              
                                                  
l.6 \begin{definition}{–ù–æ—Å–∏—Ç–µ–ª
                                     —å –ø—É—Ç–∏}
You may provide a definition with
\DeclareUnicodeCharacter 


./5.tex:6: Package inputenc Error: Unicode character —å (U+044C)
(inputenc)                not set up for use with LaTeX.

See the inputenc package documentation for explanation.
Type  H <return>  for immediate help.
 ...                                              
                                                  
l.6 \begin{definition}{–ù–æ—Å–∏—Ç–µ–ª—å
                                        –ø—É—Ç–∏}
You may provide a definition with
\DeclareUnicodeCharacter 


./5.tex:6: Package inputenc Error: Unicode character –ø (U+043F)
(inputenc)                not set up for use with LaTeX.

See the inputenc package documentation for explanation.
Type  H <return>  for immediate help.
 ...                                              
                                                  
l.6 \begin{definition}{–ù–æ—Å–∏—Ç–µ–ª—å –ø
                                          —É—Ç–∏}
You may provide a definition with
\DeclareUnicodeCharacter 


./5.tex:6: Package inputenc Error: Unicode character —É (U+0443)
(inputenc)                not set up for use with LaTeX.

See the inputenc package documentation for explanation.
Type  H <return>  for immediate help.
 ...                                              
                                                  
l.6 \begin{definition}{–ù–æ—Å–∏—Ç–µ–ª—å –ø—É
                                            —Ç–∏}
You may provide a definition with
\DeclareUnicodeCharacter 


./5.tex:6: Package inputenc Error: Unicode character —Ç (U+0442)
(inputenc)                not set up for use with LaTeX.

See the inputenc package documentation for explanation.
Type  H <return>  for immediate help.
 ...                                              
                                                  
l.6 \begin{definition}{–ù–æ—Å–∏—Ç–µ–ª—å –ø—É—Ç
                                              –∏}
You may provide a definition with
\DeclareUnicodeCharacter 


./5.tex:6: Package inputenc Error: Unicode character –∏ (U+0438)
(inputenc)                not set up for use with LaTeX.

See the inputenc package documentation for explanation.
Type  H <return>  for immediate help.
 ...                                              
                                                  
l.6 \begin{definition}{–ù–æ—Å–∏—Ç–µ–ª—å –ø—É—Ç–∏
                                                }
You may provide a definition with
\DeclareUnicodeCharacter 


./5.tex:7: Package inputenc Error: Unicode character –ù (U+041D)
(inputenc)                not set up for use with LaTeX.

See the inputenc package documentation for explanation.
Type  H <return>  for immediate help.
 ...                                              
                                                  
l.7     –ù
          –æ—Å–∏—Ç–µ–ª—å –ø—É—Ç–∏: $\gamma([a, b])\in \R^m$
You may provide a definition with
\DeclareUnicodeCharacter 


./5.tex:7: Package inputenc Error: Unicode character –æ (U+043E)
(inputenc)                not set up for use with LaTeX.

See the inputenc package documentation for explanation.
Type  H <return>  for immediate help.
 ...                                              
                                                  
l.7     –ù–æ
            —Å–∏—Ç–µ–ª—å –ø—É—Ç–∏: $\gamma([a, b])\in \R^m$
You may provide a definition with
\DeclareUnicodeCharacter 


./5.tex:7: Package inputenc Error: Unicode character —Å (U+0441)
(inputenc)                not set up for use with LaTeX.

See the inputenc package documentation for explanation.
Type  H <return>  for immediate help.
 ...                                              
                                                  
l.7     –ù–æ—Å
              –∏—Ç–µ–ª—å –ø—É—Ç–∏: $\gamma([a, b])\in \R^m$
You may provide a definition with
\DeclareUnicodeCharacter 


./5.tex:7: Package inputenc Error: Unicode character –∏ (U+0438)
(inputenc)                not set up for use with LaTeX.

See the inputenc package documentation for explanation.
Type  H <return>  for immediate help.
 ...                                              
                                                  
l.7     –ù–æ—Å–∏
                —Ç–µ–ª—å –ø—É—Ç–∏: $\gamma([a, b])\in \R^m$
You may provide a definition with
\DeclareUnicodeCharacter 


./5.tex:7: Package inputenc Error: Unicode character —Ç (U+0442)
(inputenc)                not set up for use with LaTeX.

See the inputenc package documentation for explanation.
Type  H <return>  for immediate help.
 ...                                              
                                                  
l.7     –ù–æ—Å–∏—Ç
                  –µ–ª—å –ø—É—Ç–∏: $\gamma([a, b])\in \R^m$
You may provide a definition with
\DeclareUnicodeCharacter 


./5.tex:7: Package inputenc Error: Unicode character –µ (U+0435)
(inputenc)                not set up for use with LaTeX.

See the inputenc package documentation for explanation.
Type  H <return>  for immediate help.
 ...                                              
                                                  
l.7     –ù–æ—Å–∏—Ç–µ
                    –ª—å –ø—É—Ç–∏: $\gamma([a, b])\in \R^m$
You may provide a definition with
\DeclareUnicodeCharacter 


./5.tex:7: Package inputenc Error: Unicode character –ª (U+043B)
(inputenc)                not set up for use with LaTeX.

See the inputenc package documentation for explanation.
Type  H <return>  for immediate help.
 ...                                              
                                                  
l.7     –ù–æ—Å–∏—Ç–µ–ª
                      —å –ø—É—Ç–∏: $\gamma([a, b])\in \R^m$
You may provide a definition with
\DeclareUnicodeCharacter 


./5.tex:7: Package inputenc Error: Unicode character —å (U+044C)
(inputenc)                not set up for use with LaTeX.

See the inputenc package documentation for explanation.
Type  H <return>  for immediate help.
 ...                                              
                                                  
l.7     –ù–æ—Å–∏—Ç–µ–ª—å
                         –ø—É—Ç–∏: $\gamma([a, b])\in \R^m$
You may provide a definition with
\DeclareUnicodeCharacter 


./5.tex:7: Package inputenc Error: Unicode character –ø (U+043F)
(inputenc)                not set up for use with LaTeX.

See the inputenc package documentation for explanation.
Type  H <return>  for immediate help.
 ...                                              
                                                  
l.7     –ù–æ—Å–∏—Ç–µ–ª—å –ø
                           —É—Ç–∏: $\gamma([a, b])\in \R^m$
You may provide a definition with
\DeclareUnicodeCharacter 


./5.tex:7: Package inputenc Error: Unicode character —É (U+0443)
(inputenc)                not set up for use with LaTeX.

See the inputenc package documentation for explanation.
Type  H <return>  for immediate help.
 ...                                              
                                                  
l.7     –ù–æ—Å–∏—Ç–µ–ª—å –ø—É
                             —Ç–∏: $\gamma([a, b])\in \R^m$
You may provide a definition with
\DeclareUnicodeCharacter 


./5.tex:7: Package inputenc Error: Unicode character —Ç (U+0442)
(inputenc)                not set up for use with LaTeX.

See the inputenc package documentation for explanation.
Type  H <return>  for immediate help.
 ...                                              
                                                  
l.7     –ù–æ—Å–∏—Ç–µ–ª—å –ø—É—Ç
                               –∏: $\gamma([a, b])\in \R^m$
You may provide a definition with
\DeclareUnicodeCharacter 


./5.tex:7: Package inputenc Error: Unicode character –∏ (U+0438)
(inputenc)                not set up for use with LaTeX.

See the inputenc package documentation for explanation.
Type  H <return>  for immediate help.
 ...                                              
                                                  
l.7     –ù–æ—Å–∏—Ç–µ–ª—å –ø—É—Ç–∏
                                 : $\gamma([a, b])\in \R^m$
You may provide a definition with
\DeclareUnicodeCharacter 

Missing character: There is no : in font nullfont!
./5.tex:7: Undefined control sequence.
l.7 ...Å–∏—Ç–µ–ª—å –ø—É—Ç–∏: $\gamma([a, b])\in \R
                                                  ^m$
The control sequence at the end of the top line
of your error message was never \def'ed. If you have
misspelled it (e.g., `\hobx'), type `I' and the correct
spelling (e.g., `I\hbox'). Otherwise just continue,
and I'll forget about whatever was undefined.


./5.tex:8: LaTeX Error: \begin{document} ended by \end{definition}.

See the LaTeX manual or LaTeX Companion for explanation.
Type  H <return>  for immediate help.
 ...                                              
                                                  
l.8 \end{definition}
                    
Your command was ignored.
Type  I <command> <return>  to replace it with another command,
or  <return>  to continue without it.


./5.tex:9: LaTeX Error: Environment definition undefined.

See the LaTeX manual or LaTeX Companion for explanation.
Type  H <return>  for immediate help.
 ...                                              
                                                  
l.9 \begin{definition}
                      
Your command was ignored.
Type  I <command> <return>  to replace it with another command,
or  <return>  to continue without it.


./5.tex:10: Package inputenc Error: Unicode character –ü (U+041F)
(inputenc)                not set up for use with LaTeX.

See the inputenc package documentation for explanation.
Type  H <return>  for immediate help.
 ...                                              
                                                  
l.10     –ü
           —É—Ç—å –∑–∞–º–∫–Ω—É—Ç –µ—Å–ª–∏ $\gamma(a) == \gamma(b)$.
You may provide a definition with
\DeclareUnicodeCharacter 


./5.tex:10: Package inputenc Error: Unicode character —É (U+0443)
(inputenc)                not set up for use with LaTeX.

See the inputenc package documentation for explanation.
Type  H <return>  for immediate help.
 ...                                              
                                                  
l.10     –ü—É
             —Ç—å –∑–∞–º–∫–Ω—É—Ç –µ—Å–ª–∏ $\gamma(a) == \gamma(b)$.
You may provide a definition with
\DeclareUnicodeCharacter 


./5.tex:10: Package inputenc Error: Unicode character —Ç (U+0442)
(inputenc)                not set up for use with LaTeX.

See the inputenc package documentation for explanation.
Type  H <return>  for immediate help.
 ...                                              
                                                  
l.10     –ü—É—Ç
               —å –∑–∞–º–∫–Ω—É—Ç –µ—Å–ª–∏ $\gamma(a) == \gamma(b)$.
You may provide a definition with
\DeclareUnicodeCharacter 


./5.tex:10: Package inputenc Error: Unicode character —å (U+044C)
(inputenc)                not set up for use with LaTeX.

See the inputenc package documentation for explanation.
Type  H <return>  for immediate help.
 ...                                              
                                                  
l.10     –ü—É—Ç—å
                  –∑–∞–º–∫–Ω—É—Ç –µ—Å–ª–∏ $\gamma(a) == \gamma(b)$.
You may provide a definition with
\DeclareUnicodeCharacter 


./5.tex:10: Package inputenc Error: Unicode character –∑ (U+0437)
(inputenc)                not set up for use with LaTeX.

See the inputenc package documentation for explanation.
Type  H <return>  for immediate help.
 ...                                              
                                                  
l.10     –ü—É—Ç—å –∑
                    –∞–º–∫–Ω—É—Ç –µ—Å–ª–∏ $\gamma(a) == \gamma(b)$.
You may provide a definition with
\DeclareUnicodeCharacter 


./5.tex:10: Package inputenc Error: Unicode character –∞ (U+0430)
(inputenc)                not set up for use with LaTeX.

See the inputenc package documentation for explanation.
Type  H <return>  for immediate help.
 ...                                              
                                                  
l.10     –ü—É—Ç—å –∑–∞
                      –º–∫–Ω—É—Ç –µ—Å–ª–∏ $\gamma(a) == \gamma(b)$.
You may provide a definition with
\DeclareUnicodeCharacter 


./5.tex:10: Package inputenc Error: Unicode character –º (U+043C)
(inputenc)                not set up for use with LaTeX.

See the inputenc package documentation for explanation.
Type  H <return>  for immediate help.
 ...                                              
                                                  
l.10     –ü—É—Ç—å –∑–∞–º
                        –∫–Ω—É—Ç –µ—Å–ª–∏ $\gamma(a) == \gamma(b)$.
You may provide a definition with
\DeclareUnicodeCharacter 


./5.tex:10: Package inputenc Error: Unicode character –∫ (U+043A)
(inputenc)                not set up for use with LaTeX.

See the inputenc package documentation for explanation.
Type  H <return>  for immediate help.
 ...                                              
                                                  
l.10     –ü—É—Ç—å –∑–∞–º–∫
                          –Ω—É—Ç –µ—Å–ª–∏ $\gamma(a) == \gamma(b)$.
You may provide a definition with
\DeclareUnicodeCharacter 


./5.tex:10: Package inputenc Error: Unicode character –Ω (U+043D)
(inputenc)                not set up for use with LaTeX.

See the inputenc package documentation for explanation.
Type  H <return>  for immediate help.
 ...                                              
                                                  
l.10     –ü—É—Ç—å –∑–∞–º–∫–Ω
                            —É—Ç –µ—Å–ª–∏ $\gamma(a) == \gamma(b)$.
You may provide a definition with
\DeclareUnicodeCharacter 


./5.tex:10: Package inputenc Error: Unicode character —É (U+0443)
(inputenc)                not set up for use with LaTeX.

See the inputenc package documentation for explanation.
Type  H <return>  for immediate help.
 ...                                              
                                                  
l.10     –ü—É—Ç—å –∑–∞–º–∫–Ω—É
                              —Ç –µ—Å–ª–∏ $\gamma(a) == \gamma(b)$.
You may provide a definition with
\DeclareUnicodeCharacter 


./5.tex:10: Package inputenc Error: Unicode character —Ç (U+0442)
(inputenc)                not set up for use with LaTeX.

See the inputenc package documentation for explanation.
Type  H <return>  for immediate help.
 ...                                              
                                                  
l.10     –ü—É—Ç—å –∑–∞–º–∫–Ω—É—Ç
                                 –µ—Å–ª–∏ $\gamma(a) == \gamma(b)$.
You may provide a definition with
\DeclareUnicodeCharacter 


./5.tex:10: Package inputenc Error: Unicode character –µ (U+0435)
(inputenc)                not set up for use with LaTeX.

See the inputenc package documentation for explanation.
Type  H <return>  for immediate help.
 ...                                              
                                                  
l.10     –ü—É—Ç—å –∑–∞–º–∫–Ω—É—Ç –µ
                                   —Å–ª–∏ $\gamma(a) == \gamma(b)$.
You may provide a definition with
\DeclareUnicodeCharacter 


./5.tex:10: Package inputenc Error: Unicode character —Å (U+0441)
(inputenc)                not set up for use with LaTeX.

See the inputenc package documentation for explanation.
Type  H <return>  for immediate help.
 ...                                              
                                                  
l.10     –ü—É—Ç—å –∑–∞–º–∫–Ω—É—Ç –µ—Å
                                     –ª–∏ $\gamma(a) == \gamma(b)$.
You may provide a definition with
\DeclareUnicodeCharacter 


./5.tex:10: Package inputenc Error: Unicode character –ª (U+043B)
(inputenc)                not set up for use with LaTeX.

See the inputenc package documentation for explanation.
Type  H <return>  for immediate help.
 ...                                              
                                                  
l.10     –ü—É—Ç—å –∑–∞–º–∫–Ω—É—Ç –µ—Å–ª
                                       –∏ $\gamma(a) == \gamma(b)$.
You may provide a definition with
\DeclareUnicodeCharacter 


./5.tex:10: Package inputenc Error: Unicode character –∏ (U+0438)
(inputenc)                not set up for use with LaTeX.

See the inputenc package documentation for explanation.
Type  H <return>  for immediate help.
 ...                                              
                                                  
l.10     –ü—É—Ç—å –∑–∞–º–∫–Ω—É—Ç –µ—Å–ª–∏
                                          $\gamma(a) == \gamma(b)$.
You may provide a definition with
\DeclareUnicodeCharacter 

Missing character: There is no . in font nullfont!

./5.tex:11: LaTeX Error: \begin{document} ended by \end{definition}.

See the LaTeX manual or LaTeX Companion for explanation.
Type  H <return>  for immediate help.
 ...                                              
                                                  
l.11 \end{definition}
                     
Your command was ignored.
Type  I <command> <return>  to replace it with another command,
or  <return>  to continue without it.


./5.tex:12: LaTeX Error: Environment definition undefined.

See the LaTeX manual or LaTeX Companion for explanation.
Type  H <return>  for immediate help.
 ...                                              
                                                  
l.12 \begin{definition}
                       
Your command was ignored.
Type  I <command> <return>  to replace it with another command,
or  <return>  to continue without it.


./5.tex:13: Package inputenc Error: Unicode character –ï (U+0415)
(inputenc)                not set up for use with LaTeX.

See the inputenc package documentation for explanation.
Type  H <return>  for immediate help.
 ...                                              
                                                  
l.13     –ï
           —Å–ª–∏ $\gamma$~--- –∏–Ω—ä–µ–∫—Ü–∏—è, —Ç–æ —Ç–∞–∫–æ–π –ø—É—Ç—å –Ω...
You may provide a definition with
\DeclareUnicodeCharacter 


./5.tex:13: Package inputenc Error: Unicode character —Å (U+0441)
(inputenc)                not set up for use with LaTeX.

See the inputenc package documentation for explanation.
Type  H <return>  for immediate help.
 ...                                              
                                                  
l.13     –ï—Å
             –ª–∏ $\gamma$~--- –∏–Ω—ä–µ–∫—Ü–∏—è, —Ç–æ —Ç–∞–∫–æ–π –ø—É—Ç—å –Ω...
You may provide a definition with
\DeclareUnicodeCharacter 


./5.tex:13: Package inputenc Error: Unicode character –ª (U+043B)
(inputenc)                not set up for use with LaTeX.

See the inputenc package documentation for explanation.
Type  H <return>  for immediate help.
 ...                                              
                                                  
l.13     –ï—Å–ª
               –∏ $\gamma$~--- –∏–Ω—ä–µ–∫—Ü–∏—è, —Ç–æ —Ç–∞–∫–æ–π –ø—É—Ç—å –Ω...
You may provide a definition with
\DeclareUnicodeCharacter 


./5.tex:13: Package inputenc Error: Unicode character –∏ (U+0438)
(inputenc)                not set up for use with LaTeX.

See the inputenc package documentation for explanation.
Type  H <return>  for immediate help.
 ...                                              
                                                  
l.13     –ï—Å–ª–∏
                  $\gamma$~--- –∏–Ω—ä–µ–∫—Ü–∏—è, —Ç–æ —Ç–∞–∫–æ–π –ø—É—Ç—å –Ω...
You may provide a definition with
\DeclareUnicodeCharacter 

Missing character: There is no - in font nullfont!
Missing character: There is no - in font nullfont!
Missing character: There is no - in font nullfont!

./5.tex:13: Package inputenc Error: Unicode character –∏ (U+0438)
(inputenc)                not set up for use with LaTeX.

See the inputenc package documentation for explanation.
Type  H <return>  for immediate help.
 ...                                              
                                                  
l.13     –ï—Å–ª–∏ $\gamma$~--- –∏
                                 –Ω—ä–µ–∫—Ü–∏—è, —Ç–æ —Ç–∞–∫–æ–π –ø—É—Ç—å –Ω...
You may provide a definition with
\DeclareUnicodeCharacter 


./5.tex:13: Package inputenc Error: Unicode character –Ω (U+043D)
(inputenc)                not set up for use with LaTeX.

See the inputenc package documentation for explanation.
Type  H <return>  for immediate help.
 ...                                              
                                                  
l.13     –ï—Å–ª–∏ $\gamma$~--- –∏–Ω
                                   —ä–µ–∫—Ü–∏—è, —Ç–æ —Ç–∞–∫–æ–π –ø—É—Ç—å –Ω...
You may provide a definition with
\DeclareUnicodeCharacter 


./5.tex:13: Package inputenc Error: Unicode character —ä (U+044A)
(inputenc)                not set up for use with LaTeX.

See the inputenc package documentation for explanation.
Type  H <return>  for immediate help.
 ...                                              
                                                  
l.13     –ï—Å–ª–∏ $\gamma$~--- –∏–Ω—ä
                                     –µ–∫—Ü–∏—è, —Ç–æ —Ç–∞–∫–æ–π –ø—É—Ç—å –Ω...
You may provide a definition with
\DeclareUnicodeCharacter 


./5.tex:13: Package inputenc Error: Unicode character –µ (U+0435)
(inputenc)                not set up for use with LaTeX.

See the inputenc package documentation for explanation.
Type  H <return>  for immediate help.
 ...                                              
                                                  
l.13     –ï—Å–ª–∏ $\gamma$~--- –∏–Ω—ä–µ
                                       –∫—Ü–∏—è, —Ç–æ —Ç–∞–∫–æ–π –ø—É—Ç—å –Ω...
You may provide a definition with
\DeclareUnicodeCharacter 


./5.tex:13: Package inputenc Error: Unicode character –∫ (U+043A)
(inputenc)                not set up for use with LaTeX.

See the inputenc package documentation for explanation.
Type  H <return>  for immediate help.
 ...                                              
                                                  
l.13     –ï—Å–ª–∏ $\gamma$~--- –∏–Ω—ä–µ–∫
                                         —Ü–∏—è, —Ç–æ —Ç–∞–∫–æ–π –ø—É—Ç—å –Ω...
You may provide a definition with
\DeclareUnicodeCharacter 


./5.tex:13: Package inputenc Error: Unicode character —Ü (U+0446)
(inputenc)                not set up for use with LaTeX.

See the inputenc package documentation for explanation.
Type  H <return>  for immediate help.
 ...                                              
                                                  
l.13     –ï—Å–ª–∏ $\gamma$~--- –∏–Ω—ä–µ–∫—Ü
                                           –∏—è, —Ç–æ —Ç–∞–∫–æ–π –ø—É—Ç—å –Ω...
You may provide a definition with
\DeclareUnicodeCharacter 


./5.tex:13: Package inputenc Error: Unicode character –∏ (U+0438)
(inputenc)                not set up for use with LaTeX.

See the inputenc package documentation for explanation.
Type  H <return>  for immediate help.
 ...                                              
                                                  
l.13     –ï—Å–ª–∏ $\gamma$~--- –∏–Ω—ä–µ–∫—Ü–∏
                                             —è, —Ç–æ —Ç–∞–∫–æ–π –ø—É—Ç—å –Ω...
You may provide a definition with
\DeclareUnicodeCharacter 


./5.tex:13: Package inputenc Error: Unicode character —è (U+044F)
(inputenc)                not set up for use with LaTeX.

See the inputenc package documentation for explanation.
Type  H <return>  for immediate help.
 ...                                              
                                                  
l.13     –ï—Å–ª–∏ $\gamma$~--- –∏–Ω—ä–µ–∫—Ü–∏—è
                                               , —Ç–æ —Ç–∞–∫–æ–π –ø—É—Ç—å –Ω...
You may provide a definition with
\DeclareUnicodeCharacter 

Missing character: There is no , in font nullfont!

./5.tex:13: Package inputenc Error: Unicode character —Ç (U+0442)
(inputenc)                not set up for use with LaTeX.

See the inputenc package documentation for explanation.
Type  H <return>  for immediate help.
 ...                                              
                                                  
l.13 ...–ï—Å–ª–∏ $\gamma$~--- –∏–Ω—ä–µ–∫—Ü–∏—è, —Ç
                                                  –æ —Ç–∞–∫–æ–π –ø—É—Ç—å –Ω–...
You may provide a definition with
\DeclareUnicodeCharacter 


./5.tex:13: Package inputenc Error: Unicode character –æ (U+043E)
(inputenc)                not set up for use with LaTeX.

See the inputenc package documentation for explanation.
Type  H <return>  for immediate help.
 ...                                              
                                                  
l.13 ...—Å–ª–∏ $\gamma$~--- –∏–Ω—ä–µ–∫—Ü–∏—è, —Ç–æ
                                                   —Ç–∞–∫–æ–π –ø—É—Ç—å –Ω–∞–...
You may provide a definition with
\DeclareUnicodeCharacter 


./5.tex:13: Package inputenc Error: Unicode character —Ç (U+0442)
(inputenc)                not set up for use with LaTeX.

See the inputenc package documentation for explanation.
Type  H <return>  for immediate help.
 ...                                              
                                                  
l.13 ...ª–∏ $\gamma$~--- –∏–Ω—ä–µ–∫—Ü–∏—è, —Ç–æ —Ç
                                                  –∞–∫–æ–π –ø—É—Ç—å –Ω–∞–∑—ã...
(That makes 100 errors; please try again.) 
Here is how much of TeX's memory you used:
 46 strings out of 478542
 734 string characters out of 5826855
 291678 words of memory out of 5000000
 18084 multiletter control sequences out of 15000+600000
 403430 words of font info for 27 fonts, out of 8000000 for 9000
 1141 hyphenation exceptions out of 8191
 18i,1n,12p,103b,63s stack positions out of 5000i,500n,10000p,200000b,80000s

./5.tex:13:  ==> Fatal error occurred, no output PDF file produced!
